<?xml version="1.0" encoding="UTF-8"?>
<testng-results ignored="0" total="1" passed="1" failed="0" skipped="0">
  <reporter-output>
  </reporter-output>
  <suite started-at="2023-04-04T16:58:26 IST" name="Default suite" finished-at="2023-04-04T17:01:45 IST" duration-ms="198875">
    <groups>
    </groups>
    <test started-at="2023-04-04T16:58:26 IST" name="Default test" finished-at="2023-04-04T17:01:45 IST" duration-ms="198875">
      <class name="testcases.POreject">
        <test-method is-config="true" signature="setUp()[pri:0, instance:testcases.POreject@6d1310f6]" started-at="2023-04-04T16:58:26 IST" name="setUp" finished-at="2023-04-04T16:58:42 IST" duration-ms="15835" status="PASS">
          <reporter-output>
          </reporter-output>
        </test-method> <!-- setUp -->
        <test-method signature="RO_Cancel_Creation()[pri:0, instance:testcases.POreject@6d1310f6]" started-at="2023-04-04T16:58:42 IST" name="RO_Cancel_Creation" finished-at="2023-04-04T17:01:40 IST" duration-ms="177981" status="PASS">
          <reporter-output>
          </reporter-output>
        </test-method> <!-- RO_Cancel_Creation -->
        <test-method is-config="true" signature="close()[pri:0, instance:testcases.POreject@6d1310f6]" started-at="2023-04-04T17:01:40 IST" name="close" finished-at="2023-04-04T17:01:45 IST" duration-ms="5005" status="PASS">
          <reporter-output>
          </reporter-output>
        </test-method> <!-- close -->
      </class> <!-- testcases.POreject -->
    </test> <!-- Default test -->
  </suite> <!-- Default suite -->
</testng-results>
